Pertemuan01/Teapots/textured-teapot/build/intermediates/manifest_merge_blame_file/debug/manifest-merger-blame-debug-report.txt
1<?xml version="1.0" encoding="utf-8"?>
2<manifest xmlns:android="http://schemas.android.com/apk/res/android"
3    package="com.sample.texturedteapot"
4    android:versionCode="1"
5    android:versionName="1.0" >
6
7    <uses-sdk
8        android:minSdkVersion="17"
8-->src/main/AndroidManifest.xml
9        android:targetSdkVersion="28" />
9-->src/main/AndroidManifest.xml
10
11    <uses-feature android:glEsVersion="0x00020000" />
11-->src/main/AndroidManifest.xml:6:3-65
11-->src/main/AndroidManifest.xml:6:17-49
12
13    <application
13-->src/main/AndroidManifest.xml:8:3-31:17
14        android:name="com.sample.texturedteapot.TeapotApplication"
14-->src/main/AndroidManifest.xml:15:7-65
15        android:allowBackup="false"
15-->src/main/AndroidManifest.xml:9:7-34
16        android:appComponentFactory="androidx.core.app.CoreComponentFactory"
16-->[androidx.core:core:1.1.0] AndroidManifest.xml:24:18-86
17        android:debuggable="true"
18        android:fullBackupContent="false"
18-->src/main/AndroidManifest.xml:10:7-40
19        android:icon="@mipmap/ic_launcher"
19-->src/main/AndroidManifest.xml:12:7-41
20        android:label="@string/app_name"
20-->src/main/AndroidManifest.xml:13:7-39
21        android:supportsRtl="true"
21-->src/main/AndroidManifest.xml:11:7-33
22        android:testOnly="true"
23        android:theme="@style/AppTheme" >
23-->src/main/AndroidManifest.xml:14:7-38
24
25        <!--
26         Our activity is the built-in NativeActivity framework class.
27         This will take care of integrating with our NDK code.
28        -->
29        <activity
29-->src/main/AndroidManifest.xml:20:5-30:16
30            android:name="com.sample.texturedteapot.TeapotNativeActivity"
30-->src/main/AndroidManifest.xml:20:15-76
31            android:configChanges="orientation|keyboardHidden"
31-->src/main/AndroidManifest.xml:22:15-65
32            android:label="@string/app_name" >
32-->src/main/AndroidManifest.xml:21:15-47
33
34            <!-- Tell NativeActivity the name of our .so -->
35            <meta-data
35-->src/main/AndroidManifest.xml:24:7-25:65
36                android:name="android.app.lib_name"
36-->src/main/AndroidManifest.xml:24:18-53
37                android:value="TexturedTeapotNativeActivity" />
37-->src/main/AndroidManifest.xml:25:18-62
38
39            <intent-filter>
39-->src/main/AndroidManifest.xml:26:7-29:23
40                <action android:name="android.intent.action.MAIN" />
40-->src/main/AndroidManifest.xml:27:9-61
40-->src/main/AndroidManifest.xml:27:17-58
41
42                <category android:name="android.intent.category.LAUNCHER" />
42-->src/main/AndroidManifest.xml:28:9-69
42-->src/main/AndroidManifest.xml:28:19-66
43            </intent-filter>
44        </activity>
45    </application>
46
47</manifest>